<?xml version="1.0" encoding="UTF-8"?>
<!-- Generated by org.testng.reporters.JUnitReportReporter -->
<testsuite hostname="LAPTOP-32D75K3B" failures="0" tests="1" name="tests.CloseBrowserTest" time="5.102" errors="0" timestamp="2024-10-23T22:26:25 IST" skipped="0">
  <testcase classname="tests.CloseBrowserTest" name="testCloseBrowser" time="5.102"/>
  <system-out/>
</testsuite> <!-- tests.CloseBrowserTest -->
