<?xml version="1.0" encoding="UTF-8"?>
<!-- Generated by org.testng.reporters.JUnitReportReporter -->
<testsuite hostname="LAPTOP-32D75K3B" failures="0" tests="1" name="tests.ScreenshotTest" time="7.077" errors="0" timestamp="2024-10-23T22:26:25 IST" skipped="0">
  <testcase classname="tests.ScreenshotTest" name="testCaptureScreenshot" time="7.077"/>
  <system-out/>
</testsuite> <!-- tests.ScreenshotTest -->
